0 info it worked if it ends with ok
1 verbose cli [ '/home/savage/.nvm/v0.10.38/bin/node',
1 verbose cli   '/home/savage/.nvm/v0.10.38/bin/npm',
1 verbose cli   'install' ]
2 info using npm@1.4.28
3 info using node@v0.10.38
4 verbose readDependencies using package.json deps
5 verbose install where, deps [ '/home/savage/soft/workspace/AptanaStudio3.7.0/ic-client-many',
5 verbose install   [ 'bower',
5 verbose install     'bower-path',
5 verbose install     'cheerio',
5 verbose install     'del',
5 verbose install     'express',
5 verbose install     'file-reader',
5 verbose install     'glob',
5 verbose install     'gulp',
5 verbose install     'gulp-angular-builder',
5 verbose install     'gulp-angular-dependency',
5 verbose install     'gulp-angular-filesort',
5 verbose install     'gulp-angular-templatecache',
5 verbose install     'gulp-autoprefixer',
5 verbose install     'gulp-concat',
5 verbose install     'gulp-cdnizer',
5 verbose install     'gulp-changed',
5 verbose install     'gulp-debug',
5 verbose install     'gulp-data',
5 verbose install     'gulp-header',
5 verbose install     'gulp-file',
5 verbose install     'gulp-imagemin',
5 verbose install     'gulp-inject',
5 verbose install     'gulp-jshint',
5 verbose install     'gulp-karma',
5 verbose install     'gulp-load-plugins',
5 verbose install     'gulp-ng-constant',
5 verbose install     'gulp-notify',
5 verbose install     'gulp-protractor',
5 verbose install     'gulp-rename',
5 verbose install     'gulp-replace',
5 verbose install     'gulp-sourcemaps',
5 verbose install     'gulp-stylus',
5 verbose install     'gulp-uglify',
5 verbose install     'gulp-util',
5 verbose install     'jasmine-jquery',
5 verbose install     'jshint-stylish',
5 verbose install     'karma',
5 verbose install     'karma-jasmine',
5 verbose install     'karma-chrome-launcher',
5 verbose install     'karma-firefox-launcher',
5 verbose install     'karma-phantomjs-launcher',
5 verbose install     'karma-spec-reporter',
5 verbose install     'karma-ng-html2js-preprocessor',
5 verbose install     'karma-json-fixtures-preprocessor',
5 verbose install     'lazy.js',
5 verbose install     'nib',
5 verbose install     'pretty-hrtime',
5 verbose install     'protractor',
5 verbose install     'request',
5 verbose install     'require-dir',
5 verbose install     'run-sequence',
5 verbose install     'streamqueue',
5 verbose install     'string',
5 verbose install     'swig',
5 verbose install     'vinyl-source-stream' ] ]
6 info preinstall l2m-frontend@4.3.0
7 verbose readDependencies using package.json deps
8 verbose already installed skipping file-reader@>=0.2.2 /home/savage/soft/workspace/AptanaStudio3.7.0/ic-client-many
9 verbose already installed skipping glob@>=5.0.6 /home/savage/soft/workspace/AptanaStudio3.7.0/ic-client-many
10 verbose already installed skipping gulp@>=3.9.0 /home/savage/soft/workspace/AptanaStudio3.7.0/ic-client-many
11 verbose already installed skipping gulp-angular-builder@>=0.3.11 /home/savage/soft/workspace/AptanaStudio3.7.0/ic-client-many
12 verbose cache add [ 'gulp-angular-dependency@git+https://github.com/empirefox/gulp-angular-dependency',
12 verbose cache add   null ]
13 verbose cache add name=undefined spec="gulp-angular-dependency@git+https://github.com/empirefox/gulp-angular-dependency" args=["gulp-angular-dependency@git+https://github.com/empirefox/gulp-angular-dependency",null]
14 verbose parsed url { protocol: null,
14 verbose parsed url   slashes: null,
14 verbose parsed url   auth: null,
14 verbose parsed url   host: null,
14 verbose parsed url   port: null,
14 verbose parsed url   hostname: null,
14 verbose parsed url   hash: null,
14 verbose parsed url   search: null,
14 verbose parsed url   query: null,
14 verbose parsed url   pathname: 'gulp-angular-dependency@git+https://github.com/empirefox/gulp-angular-dependency',
14 verbose parsed url   path: 'gulp-angular-dependency@git+https://github.com/empirefox/gulp-angular-dependency',
14 verbose parsed url   href: 'gulp-angular-dependency@git+https://github.com/empirefox/gulp-angular-dependency' }
15 verbose already installed skipping gulp-angular-filesort@>=1.1.1 /home/savage/soft/workspace/AptanaStudio3.7.0/ic-client-many
16 verbose cache add name="gulp-angular-dependency" spec="git+https://github.com/empirefox/gulp-angular-dependency" args=["gulp-angular-dependency","git+https://github.com/empirefox/gulp-angular-dependency"]
17 verbose parsed url { protocol: 'git+https:',
17 verbose parsed url   slashes: true,
17 verbose parsed url   auth: null,
17 verbose parsed url   host: 'github.com',
17 verbose parsed url   port: null,
17 verbose parsed url   hostname: 'github.com',
17 verbose parsed url   hash: null,
17 verbose parsed url   search: null,
17 verbose parsed url   query: null,
17 verbose parsed url   pathname: '/empirefox/gulp-angular-dependency',
17 verbose parsed url   path: '/empirefox/gulp-angular-dependency',
17 verbose parsed url   href: 'git+https://github.com/empirefox/gulp-angular-dependency' }
18 silly lockFile d69f0671-mpirefox-gulp-angular-dependency https://github.com/empirefox/gulp-angular-dependency
19 verbose lock https://github.com/empirefox/gulp-angular-dependency /home/savage/.npm/d69f0671-mpirefox-gulp-angular-dependency.lock
20 verbose already installed skipping gulp-angular-templatecache@>=1.6.0 /home/savage/soft/workspace/AptanaStudio3.7.0/ic-client-many
21 verbose addRemoteGit [ 'https://github.com/empirefox/gulp-angular-dependency',
21 verbose addRemoteGit   'master' ]
22 verbose already installed skipping gulp-autoprefixer@>=2.1.0 /home/savage/soft/workspace/AptanaStudio3.7.0/ic-client-many
23 verbose already installed skipping gulp-concat@>=2.5.2 /home/savage/soft/workspace/AptanaStudio3.7.0/ic-client-many
24 verbose already installed skipping gulp-cdnizer@>=1.1.5 /home/savage/soft/workspace/AptanaStudio3.7.0/ic-client-many
25 verbose already installed skipping gulp-changed@>=0.4.1 /home/savage/soft/workspace/AptanaStudio3.7.0/ic-client-many
26 verbose already installed skipping gulp-debug@>=2.0.1 /home/savage/soft/workspace/AptanaStudio3.7.0/ic-client-many
27 verbose already installed skipping gulp-data@>=1.1.1 /home/savage/soft/workspace/AptanaStudio3.7.0/ic-client-many
28 verbose already installed skipping gulp-header@>=1.2.2 /home/savage/soft/workspace/AptanaStudio3.7.0/ic-client-many
29 verbose git remote.origin.url https://github.com/empirefox/gulp-angular-dependency
30 verbose already installed skipping gulp-file@>=0.2.0 /home/savage/soft/workspace/AptanaStudio3.7.0/ic-client-many
31 verbose already installed skipping gulp-imagemin@>=0.6.2 /home/savage/soft/workspace/AptanaStudio3.7.0/ic-client-many
32 verbose already installed skipping gulp-inject@>=1.2.0 /home/savage/soft/workspace/AptanaStudio3.7.0/ic-client-many
33 verbose already installed skipping gulp-jshint@>=1.10.0 /home/savage/soft/workspace/AptanaStudio3.7.0/ic-client-many
34 verbose already installed skipping gulp-karma@>=0.0.4 /home/savage/soft/workspace/AptanaStudio3.7.0/ic-client-many
35 verbose already installed skipping gulp-load-plugins@>=0.10.0 /home/savage/soft/workspace/AptanaStudio3.7.0/ic-client-many
36 verbose already installed skipping gulp-ng-constant@>=0.2.0 /home/savage/soft/workspace/AptanaStudio3.7.0/ic-client-many
37 verbose already installed skipping gulp-notify@>=1.4.2 /home/savage/soft/workspace/AptanaStudio3.7.0/ic-client-many
38 verbose already installed skipping gulp-protractor@>=0.0.12 /home/savage/soft/workspace/AptanaStudio3.7.0/ic-client-many
39 verbose already installed skipping gulp-rename@>=1.2.2 /home/savage/soft/workspace/AptanaStudio3.7.0/ic-client-many
40 verbose already installed skipping gulp-replace@>=0.4.0 /home/savage/soft/workspace/AptanaStudio3.7.0/ic-client-many
41 verbose already installed skipping gulp-sourcemaps@>=1.5.2 /home/savage/soft/workspace/AptanaStudio3.7.0/ic-client-many
42 verbose already installed skipping gulp-stylus@>=2.0.1 /home/savage/soft/workspace/AptanaStudio3.7.0/ic-client-many
43 verbose already installed skipping gulp-uglify@>=1.2.0 /home/savage/soft/workspace/AptanaStudio3.7.0/ic-client-many
44 verbose already installed skipping gulp-util@>=3.0.5 /home/savage/soft/workspace/AptanaStudio3.7.0/ic-client-many
45 verbose already installed skipping jasmine-jquery@>=2.0.5 /home/savage/soft/workspace/AptanaStudio3.7.0/ic-client-many
46 verbose already installed skipping jshint-stylish@>=1.0.1 /home/savage/soft/workspace/AptanaStudio3.7.0/ic-client-many
47 verbose cache add [ 'karma@0.12.36', null ]
48 verbose cache add name=undefined spec="karma@0.12.36" args=["karma@0.12.36",null]
49 verbose parsed url { protocol: null,
49 verbose parsed url   slashes: null,
49 verbose parsed url   auth: null,
49 verbose parsed url   host: null,
49 verbose parsed url   port: null,
49 verbose parsed url   hostname: null,
49 verbose parsed url   hash: null,
49 verbose parsed url   search: null,
49 verbose parsed url   query: null,
49 verbose parsed url   pathname: 'karma@0.12.36',
49 verbose parsed url   path: 'karma@0.12.36',
49 verbose parsed url   href: 'karma@0.12.36' }
50 verbose already installed skipping karma-jasmine@>=0.3.5 /home/savage/soft/workspace/AptanaStudio3.7.0/ic-client-many
51 verbose cache add name="karma" spec="0.12.36" args=["karma","0.12.36"]
52 verbose parsed url { protocol: null,
52 verbose parsed url   slashes: null,
52 verbose parsed url   auth: null,
52 verbose parsed url   host: null,
52 verbose parsed url   port: null,
52 verbose parsed url   hostname: null,
52 verbose parsed url   hash: null,
52 verbose parsed url   search: null,
52 verbose parsed url   query: null,
52 verbose parsed url   pathname: '0.12.36',
52 verbose parsed url   path: '0.12.36',
52 verbose parsed url   href: '0.12.36' }
53 verbose addNamed [ 'karma', '0.12.36' ]
54 verbose addNamed [ '0.12.36', '0.12.36' ]
55 silly lockFile 84ba1009-karma-0-12-36 karma@0.12.36
56 verbose lock karma@0.12.36 /home/savage/.npm/84ba1009-karma-0-12-36.lock
57 verbose already installed skipping karma-chrome-launcher@>=0.1.12 /home/savage/soft/workspace/AptanaStudio3.7.0/ic-client-many
58 verbose already installed skipping karma-firefox-launcher@>=0.1.6 /home/savage/soft/workspace/AptanaStudio3.7.0/ic-client-many
59 verbose already installed skipping karma-phantomjs-launcher@>=0.2.0 /home/savage/soft/workspace/AptanaStudio3.7.0/ic-client-many
60 verbose already installed skipping karma-spec-reporter@>=0.0.19 /home/savage/soft/workspace/AptanaStudio3.7.0/ic-client-many
61 verbose already installed skipping karma-ng-html2js-preprocessor@>=0.1.2 /home/savage/soft/workspace/AptanaStudio3.7.0/ic-client-many
62 verbose already installed skipping karma-json-fixtures-preprocessor@>=0.0.1 /home/savage/soft/workspace/AptanaStudio3.7.0/ic-client-many
63 verbose already installed skipping lazy.js@>=0.4.0 /home/savage/soft/workspace/AptanaStudio3.7.0/ic-client-many
64 verbose already installed skipping nib@>=1.0.4 /home/savage/soft/workspace/AptanaStudio3.7.0/ic-client-many
65 verbose already installed skipping pretty-hrtime@>=0.2.1 /home/savage/soft/workspace/AptanaStudio3.7.0/ic-client-many
66 verbose already installed skipping protractor@>=2.0.0 /home/savage/soft/workspace/AptanaStudio3.7.0/ic-client-many
67 verbose already installed skipping request@>=2.55.0 /home/savage/soft/workspace/AptanaStudio3.7.0/ic-client-many
68 verbose already installed skipping require-dir@>=0.3.0 /home/savage/soft/workspace/AptanaStudio3.7.0/ic-client-many
69 verbose already installed skipping run-sequence@>=1.0.2 /home/savage/soft/workspace/AptanaStudio3.7.0/ic-client-many
70 verbose already installed skipping streamqueue@>=1.0.0 /home/savage/soft/workspace/AptanaStudio3.7.0/ic-client-many
71 verbose already installed skipping string@>=3.0.0 /home/savage/soft/workspace/AptanaStudio3.7.0/ic-client-many
72 verbose already installed skipping swig@>=1.4.2 /home/savage/soft/workspace/AptanaStudio3.7.0/ic-client-many
73 verbose already installed skipping vinyl-source-stream@>=0.1.1 /home/savage/soft/workspace/AptanaStudio3.7.0/ic-client-many
74 verbose already installed skipping bower@>=1.4.1 /home/savage/soft/workspace/AptanaStudio3.7.0/ic-client-many
75 verbose already installed skipping bower-path@>=1.0.1 /home/savage/soft/workspace/AptanaStudio3.7.0/ic-client-many
76 verbose already installed skipping cheerio@>=0.18.0 /home/savage/soft/workspace/AptanaStudio3.7.0/ic-client-many
77 verbose already installed skipping del@>=0.1.1 /home/savage/soft/workspace/AptanaStudio3.7.0/ic-client-many
78 verbose already installed skipping express@>=4.10.6 /home/savage/soft/workspace/AptanaStudio3.7.0/ic-client-many
79 verbose request where is /karma
80 verbose request registry https://registry.npmjs.org/
81 verbose request id a582b5bb3d44dd4d
82 verbose url raw /karma
83 verbose url resolving [ 'https://registry.npmjs.org/', './karma' ]
84 verbose url resolved https://registry.npmjs.org/karma
85 verbose request where is https://registry.npmjs.org/karma
86 info trying registry request attempt 1 at 16:48:41
87 verbose etag "11O3M8M61WFKTZRBECWX65OB5"
88 http GET https://registry.npmjs.org/karma
89 http 200 https://registry.npmjs.org/karma
90 silly registry.get cb [ 200,
90 silly registry.get   { server: 'CouchDB/1.5.0 (Erlang OTP/R16B03)',
90 silly registry.get     etag: '"BO7YYBIP28W11LZLK1WQOJ76F"',
90 silly registry.get     'content-type': 'application/json',
90 silly registry.get     'cache-control': 'max-age=60',
90 silly registry.get     'content-length': '795694',
90 silly registry.get     'accept-ranges': 'bytes',
90 silly registry.get     date: 'Sun, 14 Jun 2015 08:48:43 GMT',
90 silly registry.get     via: '1.1 varnish',
90 silly registry.get     age: '60',
90 silly registry.get     connection: 'keep-alive',
90 silly registry.get     'x-served-by': 'cache-lax1429-LAX',
90 silly registry.get     'x-cache': 'HIT',
90 silly registry.get     'x-cache-hits': '1',
90 silly registry.get     'x-timer': 'S1434271723.179844,VS0,VE3',
90 silly registry.get     vary: 'Accept' } ]
91 silly lockFile 99a57eec-pmjs-org-karma-karma-0-12-36-tgz https://registry.npmjs.org/karma/-/karma-0.12.36.tgz
92 verbose lock https://registry.npmjs.org/karma/-/karma-0.12.36.tgz /home/savage/.npm/99a57eec-pmjs-org-karma-karma-0-12-36-tgz.lock
93 verbose addRemoteTarball [ 'https://registry.npmjs.org/karma/-/karma-0.12.36.tgz',
93 verbose addRemoteTarball   '070848482162085139d5682d5ed3a4b6094557bc' ]
94 info retry fetch attempt 1 at 16:48:46
95 verbose fetch to= /tmp/npm-13307--DeNbzQy/registry.npmjs.org/karma/-/karma-0.12.36.tgz
96 http GET https://registry.npmjs.org/karma/-/karma-0.12.36.tgz
97 http 200 https://registry.npmjs.org/karma/-/karma-0.12.36.tgz
98 silly lockFile 99a57eec-pmjs-org-karma-karma-0-12-36-tgz https://registry.npmjs.org/karma/-/karma-0.12.36.tgz
99 silly lockFile 99a57eec-pmjs-org-karma-karma-0-12-36-tgz https://registry.npmjs.org/karma/-/karma-0.12.36.tgz
100 silly lockFile 84ba1009-karma-0-12-36 karma@0.12.36
101 silly lockFile 84ba1009-karma-0-12-36 karma@0.12.36
102 error git fetch -a origin (https://github.com/empirefox/gulp-angular-dependency) fatal: unable to access 'https://github.com/empirefox/gulp-angular-dependency/': Empty reply from server
103 silly lockFile d69f0671-mpirefox-gulp-angular-dependency https://github.com/empirefox/gulp-angular-dependency
104 silly lockFile d69f0671-mpirefox-gulp-angular-dependency https://github.com/empirefox/gulp-angular-dependency
105 error Error: Command failed: fatal: unable to access 'https://github.com/empirefox/gulp-angular-dependency/': Empty reply from server
105 error
105 error     at ChildProcess.exithandler (child_process.js:658:15)
105 error     at ChildProcess.emit (events.js:98:17)
105 error     at maybeClose (child_process.js:766:16)
105 error     at Process.ChildProcess._handle.onexit (child_process.js:833:5)
106 error If you need help, you may report this *entire* log,
106 error including the npm and node versions, at:
106 error     <http://github.com/npm/npm/issues>
107 error System Linux 3.19.0-20-generic
108 error command "/home/savage/.nvm/v0.10.38/bin/node" "/home/savage/.nvm/v0.10.38/bin/npm" "install"
109 error cwd /home/savage/soft/workspace/AptanaStudio3.7.0/ic-client-many
110 error node -v v0.10.38
111 error npm -v 1.4.28
112 error code 128
113 verbose exit [ 1, true ]
